<?xml version="1.0" encoding="UTF-8"?>
<testng-results skipped="0" failed="0" ignored="0" total="2" passed="2">
  <reporter-output>
  </reporter-output>
  <suite name="Default suite" duration-ms="7884" started-at="2020-12-06T00:50:27 IST" finished-at="2020-12-06T00:50:35 IST">
    <groups>
    </groups>
    <test name="Default test" duration-ms="7884" started-at="2020-12-06T00:50:27 IST" finished-at="2020-12-06T00:50:35 IST">
      <class name="RestAssure.API_Automation.OAuth2Demo">
        <test-method status="PASS" signature="AccessInvalid()[pri:0, instance:RestAssure.API_Automation.OAuth2Demo@4e7dc304]" name="AccessInvalid" duration-ms="5596" started-at="2020-12-06T00:50:27 IST" finished-at="2020-12-06T00:50:32 IST">
          <reporter-output>
          </reporter-output>
        </test-method> <!-- AccessInvalid -->
        <test-method status="PASS" signature="AccessValidAPI()[pri:0, instance:RestAssure.API_Automation.OAuth2Demo@4e7dc304]" name="AccessValidAPI" duration-ms="2219" started-at="2020-12-06T00:50:32 IST" finished-at="2020-12-06T00:50:35 IST">
          <reporter-output>
          </reporter-output>
        </test-method> <!-- AccessValidAPI -->
      </class> <!-- RestAssure.API_Automation.OAuth2Demo -->
    </test> <!-- Default test -->
  </suite> <!-- Default suite -->
</testng-results>
